<?xml version="1.0" encoding="UTF-8"?>
<!-- Generated by org.testng.reporters.JUnitReportReporter -->
<testsuite hostname="VAIO" name="Appium_PKG.NewTest" tests="1" failures="0" timestamp="2 Oct 2015 10:17:29 GMT" time="0.040" errors="0">
  <testcase name="testforTestNG" time="0.040" classname="Appium_PKG.NewTest"/>
</testsuite> <!-- Appium_PKG.NewTest -->
