<?xml version="1.0" encoding="UTF-8"?>
<!-- Generated by org.testng.reporters.JUnitReportReporter -->
<testsuite hostname="VAIO" name="Appium_PKG.ExcelReportTestNG" tests="1" failures="0" timestamp="13 Sep 2015 10:52:00 GMT" time="2.216" errors="0">
  <testcase name="test" time="2.216" classname="Appium_PKG.ExcelReportTestNG"/>
</testsuite> <!-- Appium_PKG.ExcelReportTestNG -->
