<?xml version="1.0" encoding="UTF-8"?>
<!-- Generated by org.testng.reporters.JUnitReportReporter -->
<testsuite hostname="VAIO" name="Appium_PKG.NewTest2" tests="1" failures="0" timestamp="2 Oct 2015 18:16:47 GMT" time="0.011" errors="0">
  <testcase name="TestCase_2" time="0.011" classname="Appium_PKG.NewTest2"/>
</testsuite> <!-- Appium_PKG.NewTest2 -->
