<?xml version="1.0" encoding="UTF-8"?>
<!-- Generated by org.testng.reporters.JUnitReportReporter -->
<testsuite hostname="VAIO" name="Appium_PKG.NewTest1" tests="1" failures="0" timestamp="2 Oct 2015 18:16:47 GMT" time="0.039" errors="0">
  <testcase name="TestCase_1" time="0.039" classname="Appium_PKG.NewTest1"/>
</testsuite> <!-- Appium_PKG.NewTest1 -->
